<?xml version="1.0" encoding="UTF-8"?>
<!-- Generated by org.testng.reporters.JUnitReportReporter -->
<testsuite hostname="DESKTOP-2F9U81Q" failures="0" tests="8" name="com.qapitol.testcases.ElementsTest" time="30.032" errors="0" timestamp="2024-12-05T09:48:27 IST" skipped="0">
  <testcase classname="com.qapitol.testcases.ElementsTest" name="validateTextBox" time="1.837"/>
  <testcase classname="com.qapitol.testcases.ElementsTest" name="validateCheckBox" time="1.183"/>
  <testcase classname="com.qapitol.testcases.ElementsTest" name="validateRadioButton" time="0.632"/>
  <testcase classname="com.qapitol.testcases.ElementsTest" name="validateWebTables" time="0.674"/>
  <testcase classname="com.qapitol.testcases.ElementsTest" name="validateButtons" time="1.968"/>
  <testcase classname="com.qapitol.testcases.ElementsTest" name="validateLinks" time="1.113"/>
  <testcase classname="com.qapitol.testcases.ElementsTest" name="validateUploadansDownload" time="14.305"/>
  <testcase classname="com.qapitol.testcases.ElementsTest" name="validateDynamicProperties" time="8.320"/>
</testsuite> <!-- com.qapitol.testcases.ElementsTest -->
