<?xml version="1.0" encoding="UTF-8"?>
<!-- Generated by org.testng.reporters.JUnitReportReporter -->
<testsuite hostname="DESKTOP-2F9U81Q" failures="0" tests="1" name="com.qapitol.testcases.FormsTest" time="21.369" errors="0" timestamp="2024-12-05T16:30:21 IST" skipped="0">
  <testcase classname="com.qapitol.testcases.FormsTest" name="validatePracticeForm" time="21.369"/>
</testsuite> <!-- com.qapitol.testcases.FormsTest -->
